#
# There is insufficient memory for the Java Runtime Environment to continue.
# Native memory allocation (malloc) failed to allocate 4092 bytes for char in c:\build_area\jdk6_35\hotspot\src\share\vm\utilities/stack.inline.hpp
# Possible reasons:
#   The system is out of physical RAM or swap space
#   In 32 bit mode, the process size limit was hit
# Possible solutions:
#   Reduce memory load on the system
#   Increase physical memory or swap space
#   Check if swap backing store is full
#   Use 64 bit Java on a 64 bit OS
#   Decrease Java heap size (-Xmx/-Xms)
#   Decrease number of Java threads
#   Decrease Java thread stack sizes (-Xss)
#   Set larger code cache with -XX:ReservedCodeCacheSize=
# This output file may be truncated or incomplete.
#
#  Out of Memory Error (memory/allocation.inline.hpp:44), pid=2652, tid=2528
#
# JRE version: 6.0_35-b10
# Java VM: Java HotSpot(TM) Client VM (20.10-b01 mixed mode windows-x86 )

---------------  T H R E A D  ---------------

Current thread (0x49736000):  VMThread [stack: 0x49950000,0x499a0000] [id=2528]

Stack: [0x49950000,0x499a0000],  sp=0x4999f814,  free space=318k
Native frames: (J=compiled Java code, j=interpreted, Vv=VM code, C=native code)
V  [jvm.dll+0x133d0a]
V  [jvm.dll+0x12ea4c]
V  [jvm.dll+0x59dc9]
V  [jvm.dll+0x59e1d]
V  [jvm.dll+0x8e6a0]
V  [jvm.dll+0x8e8d0]
V  [jvm.dll+0x138c83]
V  [jvm.dll+0x139052]
V  [jvm.dll+0x69be4]
V  [jvm.dll+0x660c9]
V  [jvm.dll+0x60430]
V  [jvm.dll+0x62270]
V  [jvm.dll+0x62720]
V  [jvm.dll+0x6125a]
V  [jvm.dll+0x68692]
V  [jvm.dll+0x5fe88]
V  [jvm.dll+0x57a6b]
V  [jvm.dll+0x13b567]
V  [jvm.dll+0x11dd23]
V  [jvm.dll+0x11cfee]
V  [jvm.dll+0x11d312]
V  [jvm.dll+0x11d722]
V  [jvm.dll+0x14158c]
C  [msvcr71.dll+0x9565]
C  [KERNEL32.DLL+0x16e8]
C  [ntdll.dll+0x5c206]
C  [ntdll.dll+0x5c1df]

VM_Operation (0x0168f488): GenCollectForAllocation, mode: safepoint, requested by thread 0x00879400


---------------  P R O C E S S  ---------------

Java Threads: ( => current thread )
  0x49765c00 JavaThread "Low Memory Detector" daemon [_thread_blocked, id=6548, stack(0x49df0000,0x49ef0000)]
  0x49761c00 JavaThread "C1 CompilerThread0" daemon [_thread_blocked, id=8136, stack(0x49da0000,0x49df0000)]
  0x4975d400 JavaThread "Attach Listener" daemon [_thread_blocked, id=4872, stack(0x49ca0000,0x49da0000)]
  0x4975c400 JavaThread "Signal Dispatcher" daemon [_thread_blocked, id=620, stack(0x49ba0000,0x49ca0000)]
  0x4973ec00 JavaThread "Finalizer" daemon [_thread_blocked, id=8020, stack(0x49aa0000,0x49ba0000)]
  0x4973a000 JavaThread "Reference Handler" daemon [_thread_blocked, id=5616, stack(0x499a0000,0x49aa0000)]
  0x00879400 JavaThread "main" [_thread_blocked, id=2672, stack(0x01590000,0x01690000)]

Other Threads:
=>0x49736000 VMThread [stack: 0x49950000,0x499a0000] [id=2528]
  0x4977e000 WatcherThread [stack: 0x49ef0000,0x49f40000] [id=4436]

VM state:at safepoint (normal execution)

VM Mutex/Monitor currently owned by a thread:  ([mutex/lock_event])
[0x00877b78] Threads_lock - owner thread: 0x49736000
[0x00878c10] Heap_lock - owner thread: 0x00879400

Heap
 def new generation   total 9408K, used 9408K [0x03690000, 0x040c0000, 0x18be0000)
  eden space 8384K, 100% used [0x03690000, 0x03ec0000, 0x03ec0000)
  from space 1024K, 100% used [0x03fc0000, 0x040c0000, 0x040c0000)
  to   space 1024K,   0% used [0x03ec0000, 0x03ec0000, 0x03fc0000)
 tenured generation   total 24960K, used 24946K [0x18be0000, 0x1a440000, 0x43690000)
   the space 24960K,  99% used [0x18be0000, 0x1a43caf8, 0x1a43cc00, 0x1a440000)
 compacting perm gen  total 12288K, used 4283K [0x43690000, 0x44290000, 0x47690000)
   the space 12288K,  34% used [0x43690000, 0x43abee30, 0x43abf000, 0x44290000)
No shared spaces configured.

Code Cache  [0x01690000, 0x018c8000, 0x03690000)
 total_blobs=1038 nmethods=912 adapters=62 free_code_cache=31250304 largest_free_block=0

Dynamic libraries:
0x00400000 - 0x00425000 	C:\PROGRA~1\Java\JDK16~1.0_3\bin\java.exe
0x773a0000 - 0x77504000 	C:\WINDOWS\SYSTEM32\ntdll.dll
0x75a20000 - 0x75b19000 	C:\WINDOWS\system32\KERNEL32.DLL
0x74290000 - 0x74361000 	C:\WINDOWS\system32\KERNELBASE.dll
0x73060000 - 0x730fa000 	C:\WINDOWS\system32\apphelp.dll
0x75990000 - 0x75a07000 	C:\WINDOWS\system32\ADVAPI32.dll
0x75840000 - 0x758fe000 	C:\WINDOWS\system32\msvcrt.dll
0x76440000 - 0x7647e000 	C:\WINDOWS\SYSTEM32\sechost.dll
0x764e0000 - 0x765a4000 	C:\WINDOWS\system32\RPCRT4.dll
0x7c340000 - 0x7c396000 	C:\PROGRA~1\Java\JDK16~1.0_3\jre\bin\msvcr71.dll
0x6d8c0000 - 0x6db6f000 	C:\PROGRA~1\Java\JDK16~1.0_3\jre\bin\client\jvm.dll
0x75f10000 - 0x7605b000 	C:\WINDOWS\system32\USER32.dll
0x71e80000 - 0x71ea0000 	C:\WINDOWS\SYSTEM32\WINMM.dll
0x76060000 - 0x76169000 	C:\WINDOWS\system32\GDI32.dll
0x71690000 - 0x716b0000 	C:\WINDOWS\SYSTEM32\WINMMBASE.dll
0x743b0000 - 0x743ea000 	C:\WINDOWS\SYSTEM32\cfgmgr32.dll
0x73280000 - 0x7329f000 	C:\WINDOWS\SYSTEM32\DEVOBJ.dll
0x75810000 - 0x75835000 	C:\WINDOWS\system32\IMM32.DLL
0x762e0000 - 0x763d7000 	C:\WINDOWS\system32\MSCTF.dll
0x6d870000 - 0x6d87c000 	C:\PROGRA~1\Java\JDK16~1.0_3\jre\bin\verify.dll
0x6d3d0000 - 0x6d3ef000 	C:\PROGRA~1\Java\JDK16~1.0_3\jre\bin\java.dll
0x6d8b0000 - 0x6d8bf000 	C:\PROGRA~1\Java\JDK16~1.0_3\jre\bin\zip.dll
0x75a10000 - 0x75a16000 	C:\WINDOWS\system32\PSAPI.DLL

VM Arguments:
jvm_args: -Xmx1024M -Xss1m -Djava.ext.dirs=C:\Users\damian\AppData\Local\Android\sdk\build-tools\21.1.2\lib 
java_command: C:\Users\damian\AppData\Local\Android\sdk\build-tools\21.1.2\lib\dx.jar --dex --output C:\Users\damian\Desktop\Globalscout\app\build\intermediates\pre-dexed\debug\classes-7e8e373c3bf081eb323b1299677aeffd825b3ea1.jar C:\Users\damian\Desktop\Globalscout\app\build\intermediates\exploded-aar\com.android.support\support-v4\20.0.0\classes.jar
Launcher Type: SUN_STANDARD

Environment Variables:
JAVA_HOME=C:\Program Files\Java\jdk1.6.0_35
PATH=C:\ProgramData\Oracle\Java\javapath;C:\Program Files\NVIDIA Corporation\PhysX\Common;C:\WINDOWS\system32;C:\WINDOWS;C:\WINDOWS\System32\Wbem;C:\WINDOWS\System32\WindowsPowerShell\v1.0\
USERNAME=damian
OS=Windows_NT
PROCESSOR_IDENTIFIER=x86 Family 15 Model 107 Stepping 2, AuthenticAMD



---------------  S Y S T E M  ---------------

OS: Windows NT 6.2 Build 9200 

CPU:total 2 (2 cores per cpu, 1 threads per core) family 15 model 107 stepping 2, cmov, cx8, fxsr, mmx, sse, sse2, sse3, mmxext, 3dnowpref

Memory: 4k page, physical 2095604k(144988k free), swap 8387060k(5108k free)

vm_info: Java HotSpot(TM) Client VM (20.10-b01) for windows-x86 JRE (1.6.0_35-b10), built on Aug 28 2012 17:31:51 by "java_re" with MS VC++ 7.1 (VS2003)

time: Fri Feb 20 12:39:06 2015
elapsed time: 16 seconds

